Log file open, 10/13/21 10:00:26
LogWindows: Failed to load 'aqProf.dll' (GetLastError=126)
LogWindows: File 'aqProf.dll' does not exist
LogWindows: Failed to load 'VSPerf140.dll' (GetLastError=126)
LogWindows: File 'VSPerf140.dll' does not exist
LogWindows: Failed to load 'VtuneApi.dll' (GetLastError=126)
LogWindows: File 'VtuneApi.dll' does not exist
LogWindows: Failed to load 'VtuneApi32e.dll' (GetLastError=126)
LogWindows: File 'VtuneApi32e.dll' does not exist
LogInit: Display: Running engine for game: MarsMarine
LogPlatformFile: Not using cached read wrapper
LogTaskGraph: Started task graph with 5 named threads and 23 total threads with 3 sets of task threads.
LogStats: Stats thread started at 2.271169
LogD3D11RHI: Loaded GFSDK_Aftermath_Lib.x64.dll
LogICUInternationalization: Display: ICU TimeZone Detection - Raw Offset: +1:00, Platform Override: ''
LogPluginManager: Mounting plugin Paper2D
LogPluginManager: Mounting plugin AISupport
LogPluginManager: Mounting plugin LightPropagationVolume
LogPluginManager: Mounting plugin CLionSourceCodeAccess
LogPluginManager: Mounting plugin CodeLiteSourceCodeAccess
LogPluginManager: Mounting plugin GitSourceControl
LogPluginManager: Mounting plugin KDevelopSourceCodeAccess
LogPluginManager: Mounting plugin NullSourceCodeAccess
LogPluginManager: Mounting plugin PerforceSourceControl
LogPluginManager: Mounting plugin SubversionSourceControl
LogPluginManager: Mounting plugin UObjectPlugin
LogPluginManager: Mounting plugin VisualStudioCodeSourceCodeAccess
LogPluginManager: Mounting plugin VisualStudioSourceCodeAccess
LogPluginManager: Mounting plugin XCodeSourceCodeAccess
LogPluginManager: Mounting plugin AssetManagerEditor
LogPluginManager: Mounting plugin CryptoKeys
LogPluginManager: Mounting plugin DataValidation
LogPluginManager: Mounting plugin FacialAnimation
LogPluginManager: Mounting plugin GameplayTagsEditor
LogPluginManager: Mounting plugin MacGraphicsSwitching
LogPluginManager: Mounting plugin MeshEditor
LogPluginManager: Mounting plugin MobileLauncherProfileWizard
LogPluginManager: Mounting plugin PluginBrowser
LogPluginManager: Mounting plugin SpeedTreeImporter
LogPluginManager: Mounting plugin DatasmithContent
LogPluginManager: Mounting plugin AlembicImporter
LogPluginManager: Mounting plugin AppleImageUtils
LogPluginManager: Mounting plugin AppleVision
LogPluginManager: Mounting plugin BackChannel
LogPluginManager: Mounting plugin CharacterAI
LogPluginManager: Mounting plugin GeometryCache
LogPluginManager: Mounting plugin HTML5Networking
LogPluginManager: Mounting plugin ProxyLODPlugin
LogPluginManager: Mounting plugin MagicLeap
LogPluginManager: Mounting plugin MagicLeapEmulator
LogPluginManager: Mounting plugin MagicLeapMedia
LogPluginManager: Mounting plugin AndroidMedia
LogPluginManager: Mounting plugin AvfMedia
LogPluginManager: Mounting plugin ImgMedia
LogPluginManager: Mounting plugin LinearTimecode
LogPluginManager: Mounting plugin MediaCompositing
LogPluginManager: Mounting plugin MediaPlayerEditor
LogPluginManager: Mounting plugin WmfMedia
LogPluginManager: Mounting plugin TcpMessaging
LogPluginManager: Mounting plugin UdpMessaging
LogPluginManager: Mounting plugin ActorSequence
LogPluginManager: Mounting plugin LevelSequenceEditor
LogPluginManager: Mounting plugin MatineeToLevelSequence
LogPluginManager: Mounting plugin NetcodeUnitTest
LogPluginManager: Mounting plugin NUTUnrealEngine4
LogPluginManager: Mounting plugin OnlineSubsystemGooglePlay
LogPluginManager: Mounting plugin OnlineSubsystemIOS
LogPluginManager: Mounting plugin OnlineSubsystem
LogPluginManager: Mounting plugin OnlineSubsystemNull
LogPluginManager: Mounting plugin OnlineSubsystemUtils
LogPluginManager: Mounting plugin LauncherChunkInstaller
LogPluginManager: Mounting plugin AndroidDeviceProfileSelector
LogPluginManager: Mounting plugin AndroidMoviePlayer
LogPluginManager: Mounting plugin AndroidPermission
LogPluginManager: Mounting plugin AppleMoviePlayer
LogPluginManager: Mounting plugin ArchVisCharacter
LogPluginManager: Mounting plugin AudioCapture
LogPluginManager: Mounting plugin CableComponent
LogPluginManager: Mounting plugin CustomMeshComponent
LogPluginManager: Mounting plugin EditableMesh
LogPluginManager: Mounting plugin ExampleDeviceProfileSelector
LogPluginManager: Mounting plugin GoogleCloudMessaging
LogPluginManager: Mounting plugin ImmediatePhysics
LogPluginManager: Mounting plugin IOSDeviceProfileSelector
LogPluginManager: Mounting plugin LinuxDeviceProfileSelector
LogPluginManager: Mounting plugin LocationServicesBPLibrary
LogPluginManager: Mounting plugin MobilePatchingUtils
LogPluginManager: Mounting plugin OculusVR
LogPluginManager: Plugin shader directory ../../../Engine/Plugins/Runtime/Oculus/OculusVR/Shaders found
LogPluginManager: Mapping shader source directory ../../../Engine/Plugins/Runtime/Oculus/OculusVR/Shaders to virtual directory /Plugin/OculusVR
LogPluginManager: Mounting plugin PhysXVehicles
LogPluginManager: Mounting plugin ProceduralMeshComponent
LogPluginManager: Mounting plugin RuntimePhysXCooking
LogPluginManager: Mounting plugin SteamVR
LogPluginManager: Mounting plugin WindowsMoviePlayer
LogStreaming: Display: Took  0.660s to configure plugins.
LogInit: Using libcurl 7.55.1-DEV
LogInit:  - built for x86_64-pc-win32
LogInit:  - supports SSL with OpenSSL/1.0.2h
LogInit:  - supports HTTP deflate (compression) using libz 1.2.8
LogInit:  - other features:
LogInit:      CURL_VERSION_SSL
LogInit:      CURL_VERSION_LIBZ
LogInit:      CURL_VERSION_IPV6
LogInit:      CURL_VERSION_ASYNCHDNS
LogInit:      CURL_VERSION_LARGEFILE
LogInit:      CURL_VERSION_IDN
LogInit:  CurlRequestOptions (configurable via config and command line):
LogInit:  - bVerifyPeer = false  - Libcurl will NOT verify peer certificate
LogInit:  - bUseHttpProxy = false  - Libcurl will NOT use HTTP proxy
LogInit:  - bDontReuseConnections = false  - Libcurl will reuse connections
LogInit:  - CertBundlePath = nullptr  - Libcurl will use whatever was configured at build time.
LogInit:  - MaxHostConnections = 16  - Libcurl will limit the number of connections to a host
LogInit:  - LocalHostAddr = Default
LogInit:  - BufferSize = 65536
LogInit: WinSock: version 1.1 (2.2), MaxSocks=32767, MaxUdp=65467
LogInit: Build: ++UE4+Release-4.20-CL-4369336
LogInit: Engine Version: 4.20.3-4369336+++UE4+Release-4.20
LogInit: Compatible Engine Version: 4.20.0-4212847+++UE4+Release-4.20
LogInit: Net CL: 4212847
LogInit: OS: Windows 10 (), CPU: Intel(R) Core(TM) i7-4790 CPU @ 3.60GHz, GPU: NVIDIA GeForce GTX 560
LogInit: Compiled (64-bit): Sep 17 2018 12:26:19
LogInit: Compiled with Visual C++: 19.13.26129.00
LogInit: Build Configuration: Development
LogInit: Branch Name: ++UE4+Release-4.20
LogInit: Command Line:  
LogInit: Base Directory: C:/Program Files/Epic Games/UE_4.20/Engine/Binaries/Win64/
LogInit: Installed Engine Build: 1
LogDevObjectVersion: Number of dev versions registered: 20
LogDevObjectVersion:   Dev-Blueprints (B0D832E4-1F89-4F0D-ACCF-7EB736FD4AA2): 10
LogDevObjectVersion:   Dev-Build (E1C64328-A22C-4D53-A36C-8E866417BD8C): 0
LogDevObjectVersion:   Dev-Core (375EC13C-06E4-48FB-B500-84F0262A717E): 2
LogDevObjectVersion:   Dev-Editor (E4B068ED-F494-42E9-A231-DA0B2E46BB41): 24
LogDevObjectVersion:   Dev-Framework (CFFC743F-43B0-4480-9391-14DF171D2073): 34
LogDevObjectVersion:   Dev-Mobile (B02B49B5-BB20-44E9-A304-32B752E40360): 2
LogDevObjectVersion:   Dev-Networking (A4E4105C-59A1-49B5-A7C5-40C4547EDFEE): 0
LogDevObjectVersion:   Dev-Online (39C831C9-5AE6-47DC-9A44-9C173E1C8E7C): 0
LogDevObjectVersion:   Dev-Physics (78F01B33-EBEA-4F98-B9B4-84EACCB95AA2): 0
LogDevObjectVersion:   Dev-Platform (6631380F-2D4D-43E0-8009-CF276956A95A): 0
LogDevObjectVersion:   Dev-Rendering (12F88B9F-8875-4AFC-A67C-D90C383ABD29): 26
LogDevObjectVersion:   Dev-Sequencer (7B5AE74C-D270-4C10-A958-57980B212A5A): 9
LogDevObjectVersion:   Dev-VR (D7296918-1DD6-4BDD-9DE2-64A83CC13884): 2
LogDevObjectVersion:   Dev-LoadTimes (C2A15278-BFE7-4AFE-6C17-90FF531DF755): 1
LogDevObjectVersion:   Private-Geometry (6EACA3D4-40EC-4CC1-B786-8BED09428FC5): 3
LogDevObjectVersion:   Dev-AnimPhys (29E575DD-E0A3-4627-9D10-D276232CDCEA): 17
LogDevObjectVersion:   Dev-ReflectionCapture (6B266CEC-1EC7-4B8F-A30B-E4D90942FC07): 1
LogDevObjectVersion:   Dev-Automation (0DF73D61-A23F-47EA-B727-89E90C41499A): 1
LogDevObjectVersion:   FortniteMain (601D1886-AC64-4F84-AA16-D3DE0DEAC7D6): 12
LogDevObjectVersion:   Dev-Enterprise (9DFFBCD6-494F-0158-E221-12823C92A888): 1
LogStreaming: Display: Took  0.046s to delete old logs.
LogInit: Presizing for max 8388607 objects, including 0 objects not considered by GC, pre-allocating 0 bytes for permanent pool.
LogInit: Object subsystem initialized
[2021.10.13-08.00.28:670][  0]LogInit: Selected Device Profile: [Windows]
[2021.10.13-08.00.28:670][  0]LogInit: Applying CVar settings loaded from the selected device profile: [Windows]
[2021.10.13-08.00.28:844][  0]LogHAL: Display: Platform has ~ 16 GB [17116712960 / 17179869184 / 16], which maps to Larger [LargestMinGB=32, LargerMinGB=12, DefaultMinGB=8, SmallerMinGB=6, SmallestMinGB=0)
[2021.10.13-08.00.28:854][  0]LogInit: Setting Device Profile CVar: [[r.Vulkan.UseRealUBs:1]]
[2021.10.13-08.00.28:854][  0]LogInit: Going up to parent DeviceProfile []
[2021.10.13-08.00.28:898][  0]LogInit: Computer: SRV-WORKLIST
[2021.10.13-08.00.28:898][  0]LogInit: User: Utente
[2021.10.13-08.00.28:898][  0]LogInit: CPU Page size=4096, Cores=4
[2021.10.13-08.00.28:898][  0]LogInit: High frequency timer resolution =10.000000 MHz
[2021.10.13-08.00.28:898][  0]LogMemory: Memory total: Physical=15.9GB (16GB approx)
[2021.10.13-08.00.28:906][  0]LogMemory: Platform Memory Stats for Windows
[2021.10.13-08.00.28:906][  0]LogMemory: Process Physical Memory: 102.60 MB used, 102.61 MB peak
[2021.10.13-08.00.28:906][  0]LogMemory: Process Virtual Memory: 89.27 MB used, 89.27 MB peak
[2021.10.13-08.00.28:906][  0]LogMemory: Physical Memory: 6689.80 MB used,  9633.96 MB free, 16323.77 MB total
[2021.10.13-08.00.28:906][  0]LogMemory: Virtual Memory: 4627.39 MB used,  9633.96 MB free, 134217728.00 MB total
[2021.10.13-08.00.29:811][  0]LogInit: Using OS detected language (it-IT).
[2021.10.13-08.00.29:811][  0]LogInit: Using OS detected locale (it-IT).
[2021.10.13-08.00.29:876][  0]LogTextLocalizationManager: No specific localization for 'it-IT' exists, so the 'it' localization will be used.
[2021.10.13-08.00.29:950][  0]LogStreaming: Display: Took  0.157s to InitEngineTextLocalization.
[2021.10.13-08.00.29:950][  0]LogInit: Setting process to per monitor DPI aware
[2021.10.13-08.00.30:610][  0]LogSlate: New Slate User Created.  User Index 0, Is Virtual User: 0
[2021.10.13-08.00.30:610][  0]LogSlate: Slate User Registered.  User Index 0, Is Virtual User: 0
[2021.10.13-08.00.37:047][  0]LogHMD: Failed to initialize OpenVR with code 110
[2021.10.13-08.00.37:057][  0]LogD3D11RHI: D3D11 adapters:
[2021.10.13-08.00.37:165][  0]LogD3D11RHI:    0. 'NVIDIA GeForce GTX 560' (Feature Level 11_0)
[2021.10.13-08.00.37:165][  0]LogD3D11RHI:       969/0/8161 MB DedicatedVideo/DedicatedSystem/SharedSystem, Outputs:1, VendorId:0x10de
[2021.10.13-08.00.37:168][  0]LogD3D11RHI:    1. 'Microsoft Basic Render Driver' (Feature Level 11_0)
[2021.10.13-08.00.37:168][  0]LogD3D11RHI:       0/0/8161 MB DedicatedVideo/DedicatedSystem/SharedSystem, Outputs:0, VendorId:0x1414
[2021.10.13-08.00.37:168][  0]LogD3D11RHI: Chosen D3D11 Adapter: 0
[2021.10.13-08.00.37:176][  0]LogD3D11RHI: Creating new Direct3DDevice
[2021.10.13-08.00.37:176][  0]LogD3D11RHI:     GPU DeviceId: 0x1201 (for the marketing name, search the web for "GPU Device Id")
[2021.10.13-08.00.37:202][  0]LogWindows: EnumDisplayDevices:
[2021.10.13-08.00.37:202][  0]LogWindows:    0. 'NVIDIA GeForce GTX 560' (P:1 D:1)
[2021.10.13-08.00.37:203][  0]LogWindows:    1. 'NVIDIA GeForce GTX 560' (P:0 D:0)
[2021.10.13-08.00.37:203][  0]LogWindows: DebugString: FoundDriverCount:2 
[2021.10.13-08.00.37:203][  0]LogD3D11RHI:     Adapter Name: NVIDIA GeForce GTX 560
[2021.10.13-08.00.37:203][  0]LogD3D11RHI:   Driver Version: 391.35 (internal:23.21.13.9135, unified:391.35)
[2021.10.13-08.00.37:203][  0]LogD3D11RHI:      Driver Date: 3-23-2018
[2021.10.13-08.00.37:203][  0]LogRHI: Texture pool is 678 MB (70% of 969 MB)
[2021.10.13-08.00.37:305][  0]LogD3D11RHI: Display: Timestamp queries are currently disabled on this hardware due to instability. Realtime GPU stats will not be available. You can override this behaviour by setting r.NVIDIATimestampWorkaround to 0
[2021.10.13-08.00.37:306][  0]LogD3D11RHI: Async texture creation enabled
[2021.10.13-08.00.37:475][  0]LogD3D11RHI: GPU Timing Frequency: 1000.000000 (Debug: 2 2)
[2021.10.13-08.00.37:853][  0]LogShaderCompilers: Guid format shader working directory is -42 characters bigger than the processId version (../../../../../../Users/Utente/Documents/GitRepository/Unreal_Engine_Projects/MarsMarine/Intermediate/Shaders/WorkingDirectory/24008/).
[2021.10.13-08.00.37:853][  0]LogShaderCompilers: Cleaned the shader compiler working directory 'C:/Users/Utente/AppData/Local/Temp/UnrealShaderWorkingDir/B7CC475D4E6D4AAC50567FBE3E146897/'.
[2021.10.13-08.00.41:209][  0]LogTemp: Display: Loaded TP AllDesktopTargetPlatform
[2021.10.13-08.00.41:224][  0]LogTemp: Display: Loaded TP MacClientTargetPlatform
[2021.10.13-08.00.41:245][  0]LogTemp: Display: Loaded TP MacNoEditorTargetPlatform
[2021.10.13-08.00.41:264][  0]LogTemp: Display: Loaded TP MacServerTargetPlatform
[2021.10.13-08.00.41:280][  0]LogTemp: Display: Loaded TP MacTargetPlatform
[2021.10.13-08.00.41:295][  0]LogTemp: Display: Loaded TP WindowsClientTargetPlatform
[2021.10.13-08.00.41:315][  0]LogTemp: Display: Loaded TP WindowsNoEditorTargetPlatform
[2021.10.13-08.00.41:331][  0]LogTemp: Display: Loaded TP WindowsServerTargetPlatform
[2021.10.13-08.00.41:338][  0]LogTemp: Display: Loaded TP WindowsTargetPlatform
[2021.10.13-08.00.41:444][  0]LogTemp: Display: Loaded TP AndroidTargetPlatform
[2021.10.13-08.00.41:444][  0]LogTemp: Display: Loaded TP AndroidTargetPlatform
[2021.10.13-08.00.41:444][  0]LogTemp: Display: Loaded TP AndroidTargetPlatform
[2021.10.13-08.00.41:444][  0]LogTemp: Display: Loaded TP AndroidTargetPlatform
[2021.10.13-08.00.41:444][  0]LogTemp: Display: Loaded TP AndroidTargetPlatform
[2021.10.13-08.00.41:444][  0]LogTemp: Display: Loaded TP AndroidTargetPlatform
[2021.10.13-08.00.41:444][  0]LogTemp: Display: Loaded TP AndroidTargetPlatform
[2021.10.13-08.00.41:444][  0]LogTemp: Display: Loaded TP AndroidTargetPlatform
[2021.10.13-08.00.41:444][  0]LogTemp: Display: Loaded TP AndroidTargetPlatform
[2021.10.13-08.00.41:444][  0]LogTemp: Display: Loaded TP AndroidTargetPlatform
[2021.10.13-08.00.41:444][  0]LogTemp: Display: Loaded TP AndroidTargetPlatform
[2021.10.13-08.00.41:444][  0]LogTemp: Display: Loaded TP AndroidTargetPlatform
[2021.10.13-08.00.41:444][  0]LogTemp: Display: Loaded TP AndroidTargetPlatform
[2021.10.13-08.00.41:444][  0]LogTemp: Display: Loaded TP AndroidTargetPlatform
[2021.10.13-08.00.41:444][  0]LogTemp: Display: Loaded TP AndroidTargetPlatform
[2021.10.13-08.00.41:444][  0]LogTemp: Display: Loaded TP AndroidTargetPlatform
[2021.10.13-08.00.41:444][  0]LogTemp: Display: Loaded TP AndroidTargetPlatform
[2021.10.13-08.00.41:444][  0]LogTemp: Display: Loaded TP AndroidTargetPlatform
[2021.10.13-08.00.41:446][  0]LogTemp: Display: Loaded TP HTML5TargetPlatform
[2021.10.13-08.00.41:510][  0]LogTemp: Display: Loaded TP IOSTargetPlatform
[2021.10.13-08.00.41:510][  0]LogTemp: Display: Loaded TP IOSTargetPlatform
[2021.10.13-08.00.41:536][  0]LogTemp: Display: Loaded TP TVOSTargetPlatform
[2021.10.13-08.00.41:536][  0]LogTemp: Display: Loaded TP TVOSTargetPlatform
[2021.10.13-08.00.41:552][  0]LogTemp: Display: Loaded TP LinuxClientTargetPlatform
[2021.10.13-08.00.41:567][  0]LogTemp: Display: Loaded TP LinuxNoEditorTargetPlatform
[2021.10.13-08.00.41:582][  0]LogTemp: Display: Loaded TP LinuxServerTargetPlatform
[2021.10.13-08.00.41:597][  0]LogTemp: Display: Loaded TP LinuxTargetPlatform
[2021.10.13-08.00.41:607][  0]LogTemp: Display: Loaded TP LuminTargetPlatform
[2021.10.13-08.00.41:607][  0]LogTargetPlatformManager: Display: Building Assets For Windows
[2021.10.13-08.00.41:681][  0]LogXGEController: Cleaning working directory: C:/Users/Utente/AppData/Local/Temp/UnrealXGEWorkingDir/
[2021.10.13-08.00.41:681][  0]LogXGEController: Cannot use XGE Controller as Incredibuild is not installed on this machine.
[2021.10.13-08.00.41:681][  0]LogShaderCompilers: Cannot use XGE Shader Compiler as Incredibuild is not installed on this machine.
[2021.10.13-08.00.41:681][  0]LogShaderCompilers: Display: Using Local Shader Compiler.
[2021.10.13-08.00.46:235][  0]LogDerivedDataCache: Display: Max Cache Size: 512 MB
[2021.10.13-08.00.46:672][  0]LogDerivedDataCache: Loaded boot cache 0.42s 71MB C:/Users/Utente/AppData/Local/UnrealEngine/4.20/DerivedDataCache/Boot.ddc.
[2021.10.13-08.00.46:673][  0]LogDerivedDataCache: Display: Loaded Boot cache: C:/Users/Utente/AppData/Local/UnrealEngine/4.20/DerivedDataCache/Boot.ddc
[2021.10.13-08.00.46:673][  0]LogDerivedDataCache: FDerivedDataBackendGraph:  Pak pak cache file ../../../../../../Users/Utente/Documents/GitRepository/Unreal_Engine_Projects/MarsMarine/DerivedDataCache/DDC.ddp not found, will not use a pak cache.
[2021.10.13-08.00.46:673][  0]LogDerivedDataCache: Unable to find inner node Pak for hierarchical cache Hierarchy.
[2021.10.13-08.00.46:673][  0]LogDerivedDataCache: FDerivedDataBackendGraph:  CompressedPak pak cache file ../../../../../../Users/Utente/Documents/GitRepository/Unreal_Engine_Projects/MarsMarine/DerivedDataCache/Compressed.ddp not found, will not use a pak cache.
[2021.10.13-08.00.46:673][  0]LogDerivedDataCache: Unable to find inner node CompressedPak for hierarchical cache Hierarchy.
[2021.10.13-08.00.46:753][  0]LogDerivedDataCache: Display: Pak cache opened for reading ../../../Engine/DerivedDataCache/Compressed.ddp.
[2021.10.13-08.00.46:766][  0]LogDerivedDataCache: Using Local data cache path C:/Users/Utente/AppData/Local/UnrealEngine/Common/DerivedDataCache: Writable
[2021.10.13-08.00.46:766][  0]LogDerivedDataCache: Shared data cache path not found in *engine.ini, will not use an Shared cache.
[2021.10.13-08.00.46:766][  0]LogDerivedDataCache: Unable to find inner node Shared for hierarchical cache Hierarchy.
[2021.10.13-08.00.46:819][  0]LogMaterial: Verifying Global Shaders for PCD3D_SM5
[2021.10.13-08.00.46:847][  0]LogSlate: Using FreeType 2.6.0
[2021.10.13-08.00.46:964][  0]LogSlate: SlateFontServices - WITH_FREETYPE: 1, WITH_HARFBUZZ: 1
[2021.10.13-08.00.49:361][  0]LogAssetRegistry: FAssetRegistry took 0.0348 seconds to start up
[2021.10.13-08.00.54:172][  0]LogInit: Selected Device Profile: [Windows]
[2021.10.13-08.00.56:565][  0]LogSimplygon: Simplygon DLL not present - disabling.
[2021.10.13-08.00.57:081][  0]LogMeshReduction: Using SimplygonSwarm for distributed automatic mesh merging
[2021.10.13-08.00.57:081][  0]LogMeshReduction: Using ProxyLODMeshReduction for automatic mesh merging
[2021.10.13-08.00.57:105][  0]LogMeshReduction: Using QuadricMeshReduction for automatic static mesh reduction
[2021.10.13-08.00.57:105][  0]LogMeshReduction: No automatic skeletal mesh reduction module available
[2021.10.13-08.00.57:403][  0]LogNetVersion: MarsMarine 1.0.0, NetCL: 4212847, EngineNetVer: 5, GameNetVer: 0 (Checksum: 3901647910)
[2021.10.13-08.01.00:317][  0]LogConfig: Warning: Failed to saved backup for config[TemplateDefs]
[2021.10.13-08.01.02:438][  0]LogAssetRegistry: Error: Failed to open file for write ../../../../../../Users/Utente/Documents/GitRepository/Unreal_Engine_Projects/MarsMarine/Intermediate/AssetRegistryCache/e98c3dcb.bin
[2021.10.13-08.01.02:657][  0]LogAssetRegistry: Error: Failed to open file for write ../../../../../../Users/Utente/Documents/GitRepository/Unreal_Engine_Projects/MarsMarine/Intermediate/AssetRegistryCache/9a2d2fbc.bin
[2021.10.13-08.01.02:686][  0]LogAssetRegistry: Error: Failed to open file for write ../../../../../../Users/Utente/Documents/GitRepository/Unreal_Engine_Projects/MarsMarine/Intermediate/AssetRegistryCache/95597a49.bin
[2021.10.13-08.01.02:812][  0]LogAssetRegistry: Error: Failed to open file for write ../../../../../../Users/Utente/Documents/GitRepository/Unreal_Engine_Projects/MarsMarine/Intermediate/AssetRegistryCache/d42f11fb.bin
[2021.10.13-08.01.02:934][  0]LogPackageLocalizationCache: Processed 11 localized package path(s) for 2 prioritized culture(s) in 0.513013 seconds
[2021.10.13-08.01.03:018][  0]LogUObjectArray: 38425 objects as part of root set at end of initial load.
[2021.10.13-08.01.03:018][  0]LogUObjectAllocator: 6690864 out of 0 bytes used by permanent object pool.
[2021.10.13-08.01.03:018][  0]LogUObjectArray: CloseDisregardForGC: 0/0 objects in disregard for GC pool
[2021.10.13-08.01.33:563][  0]LogConfig: Warning: Failed to saved backup for config[InternationalizationExport]
[2021.10.13-08.01.34:739][  0]LogTcpMessaging: Initializing TcpMessaging bridge
[2021.10.13-08.01.34:789][  0]LogUdpMessaging: Initializing bridge on interface 0.0.0.0:0 to multicast group 230.0.0.1:6666.
[2021.10.13-08.01.36:629][  0]LogConfig: Warning: Failed to saved backup for config[SourceControlSettings]
[2021.10.13-08.01.36:653][  0]LogConfig: Warning: Failed to saved backup for config[SourceControlSettings]
[2021.10.13-08.01.36:654][  0]SourceControl: Source control is disabled
[2021.10.13-08.01.42:034][  0]LogConfig: Warning: Failed to saved backup for config[Encryption]
[2021.10.13-08.01.47:639][  0]LogAndroidPermission: UAndroidPermissionCallbackProxy::GetInstance
[2021.10.13-08.01.47:977][  0]LogOcInput: OculusInput pre-init called
[2021.10.13-08.01.48:661][  0]LogEngine: Initializing Engine...
[2021.10.13-08.01.48:742][  0]LogHMD: Failed to initialize OpenVR with code 110
[2021.10.13-08.01.48:750][  0]LogStats: UGameplayTagsManager::ConstructGameplayTagTree: ImportINI prefixes -  0.000 s
[2021.10.13-08.01.48:750][  0]LogStats: UGameplayTagsManager::ConstructGameplayTagTree: Construct from data asset -  0.000 s
[2021.10.13-08.01.48:751][  0]LogStats: UGameplayTagsManager::ConstructGameplayTagTree: ImportINI -  0.000 s
[2021.10.13-08.01.48:751][  0]LogStats: UGameplayTagsManager::ConstructGameplayTagTree: GameplayTagTreeChangedEvent.Broadcast -  0.000 s
[2021.10.13-08.01.49:908][  0]LogInit: Initializing FReadOnlyCVARCache
[2021.10.13-08.01.50:071][  0]LogAIModule: Creating AISystem for world Untitled
[2021.10.13-08.01.50:140][  0]LogInit: XAudio2 using 'Altoparlanti (Realtek High Definition Audio)' : 2 channels at 48 kHz using 32 bits per sample (channel mask 0x3)
[2021.10.13-08.01.50:206][  0]LogInit: FAudioDevice initialized.
[2021.10.13-08.01.50:223][  0]LogNetVersion: Set ProjectVersion to 1.0.0.0. Version Checksum will be recalculated on next use.
[2021.10.13-08.01.50:746][  0]LogDerivedDataCache: Saved boot cache 0.52s 71MB C:/Users/Utente/AppData/Local/UnrealEngine/4.20/DerivedDataCache/Boot.ddc.
[2021.10.13-08.01.50:752][  0]LogInit: Texture streaming: Enabled
[2021.10.13-08.01.50:868][  0]LogEngineSessionManager: EngineSessionManager initialized
[2021.10.13-08.01.51:240][  0]LogInit: Transaction tracking system initialized
[2021.10.13-08.01.52:311][  0]BlueprintLog: New page: Editor Load
[2021.10.13-08.01.53:517][  0]LocalizationService: Localization service is disabled
[2021.10.13-08.01.56:813][  0]LogFileCache: Scanning file cache for directory 'C:/Users/Utente/Documents/GitRepository/Unreal_Engine_Projects/MarsMarine/Content/' took 0.05s
[2021.10.13-08.01.56:815][  0]LogCook: Display: Max memory allowance for cook 16384mb min free memory 0mb
[2021.10.13-08.01.56:817][  0]LogCook: Display: Mobile HDR setting 1
[2021.10.13-08.01.56:848][  0]LogGameplayTags: Display: UGameplayTagsManager::DoneAddingNativeTags. DelegateIsBound: 0
[2021.10.13-08.01.56:848][  0]LogStats: UGameplayTagsManager::ConstructGameplayTagTree: ImportINI prefixes -  0.000 s
[2021.10.13-08.01.56:848][  0]LogStats: UGameplayTagsManager::ConstructGameplayTagTree: Construct from data asset -  0.000 s
[2021.10.13-08.01.56:848][  0]LogStats: UGameplayTagsManager::ConstructGameplayTagTree: ImportINI -  0.000 s
[2021.10.13-08.01.56:848][  0]LogStats: UGameplayTagsManager::ConstructGameplayTagTree: GameplayTagTreeChangedEvent.Broadcast -  0.000 s
[2021.10.13-08.02.01:444][  0]Cmd: MAP LOAD FILE="../../../../../../Users/Utente/Documents/GitRepository/Unreal_Engine_Projects/MarsMarine/Content/Levels/Mars.umap" TEMPLATE=0 SHOWPROGRESS=1 FEATURELEVEL=3
[2021.10.13-08.02.01:477][  0]LightingResults: New page: Lighting Build
[2021.10.13-08.02.01:584][  0]MapCheck: New page: Map Check
[2021.10.13-08.02.01:584][  0]LightingResults: New page: Lighting Build
[2021.10.13-08.02.11:736][  0]LogAIModule: Creating AISystem for world Mars
[2021.10.13-08.02.14:382][  0]LogEditorServer: Finished looking for orphan Actors (0.008 secs)
[2021.10.13-08.02.14:563][  0]Cmd: MAP CHECKDEP NOCLEARLOG
[2021.10.13-08.02.14:780][  0]MapCheck: Map check complete: 0 Error(s), 0 Warning(s), took 216,29ms to complete.
[2021.10.13-08.02.14:780][  0]LogFileHelpers: Loading map 'Mars' took 13.344
[2021.10.13-08.02.17:791][  0]LogSlate: Updating window title bar state: overlay mode, drag disabled, window buttons hidden, title bar hidden
[2021.10.13-08.02.18:053][  0]LogSlate: Updating window title bar state: overlay mode, drag disabled, window buttons hidden, title bar hidden
[2021.10.13-08.02.18:060][  0]LogSlate: Updating window title bar state: overlay mode, drag disabled, window buttons hidden, title bar hidden
[2021.10.13-08.02.18:066][  0]LogSlate: Updating window title bar state: overlay mode, drag disabled, window buttons hidden, title bar hidden
[2021.10.13-08.02.18:940][  0]LogCollectionManager: Loaded 0 collections in 0.002658 seconds
[2021.10.13-08.02.19:914][  0]LogFileCache: Scanning file cache for directory 'C:/Users/Utente/Documents/GitRepository/Unreal_Engine_Projects/MarsMarine/Saved/Collections/' took 0.01s
[2021.10.13-08.02.19:914][  0]LogFileCache: Scanning file cache for directory 'C:/Users/Utente/Documents/GitRepository/Unreal_Engine_Projects/MarsMarine/Content/Developers/Utente/Collections/' took 0.01s
[2021.10.13-08.02.19:914][  0]LogFileCache: Scanning file cache for directory 'C:/Users/Utente/Documents/GitRepository/Unreal_Engine_Projects/MarsMarine/Content/Collections/' took 0.01s
[2021.10.13-08.02.19:915][  0]LogCollectionManager: Rebuilt the GUID cache for 0 collections in 0.000000 seconds
[2021.10.13-08.02.19:952][  0]LogContentBrowser: Native class hierarchy populated in 0.0185 seconds. Added 2572 classes and 603 folders.
[2021.10.13-08.02.20:204][  0]LogContentBrowser: Native class hierarchy updated for 'WidgetCarousel' in 0.0004 seconds. Added 0 classes and 0 folders.
[2021.10.13-08.02.25:537][  0]LogContentBrowser: Native class hierarchy updated for 'AddContentDialog' in 0.0004 seconds. Added 0 classes and 0 folders.
[2021.10.13-08.02.25:584][  0]LogContentBrowser: Native class hierarchy updated for 'SceneOutliner' in 0.0003 seconds. Added 1 classes and 2 folders.
[2021.10.13-08.02.26:358][  0]LogContentBrowser: Native class hierarchy updated for 'HierarchicalLODOutliner' in 0.0003 seconds. Added 0 classes and 0 folders.
[2021.10.13-08.02.26:358][  0]LogLoad: (Engine Initialization) Total time: 148.28 seconds
[2021.10.13-08.02.26:358][  0]LogLoad: (Engine Initialization) Total Blueprint compile time: 0.00 seconds
[2021.10.13-08.02.26:783][  0]LogContentStreaming: Texture pool size now 1000 MB
[2021.10.13-08.02.26:810][  0]LogSlate: Took 0.025340 seconds to synchronously load lazily loaded font '../../../Engine/Content/Slate/Fonts/Roboto-Regular.ttf' (155K)
[2021.10.13-08.02.26:844][  0]LogSlate: Took 0.031342 seconds to synchronously load lazily loaded font '../../../Engine/Content/Slate/Fonts/Roboto-Bold.ttf' (160K)
[2021.10.13-08.02.26:883][  0]LogSlate: Took 0.026741 seconds to synchronously load lazily loaded font '../../../Engine/Content/Editor/Slate/Fonts/FontAwesome.ttf' (139K)
[2021.10.13-08.02.27:369][  1]LogRenderer: Reallocating scene render targets to support 716x404 Format 10 NumSamples 1 (Frame:1).
[2021.10.13-08.02.27:625][  1]LogSlate: Took 0.031389 seconds to synchronously load lazily loaded font '../../../Engine/Content/Slate/Fonts/Roboto-Light.ttf' (167K)
[2021.10.13-08.02.28:714][  4]LogAssetRegistry: Asset discovery search completed in 99.3767 seconds
[2021.10.13-08.02.28:717][  4]LogCollectionManager: Rebuilt the object cache for 0 collections in 0.000000 seconds (found 0 objects)
[2021.10.13-08.02.28:717][  4]LogCollectionManager: Fixed up redirectors for 0 collections in 0.000074 seconds (updated 0 objects)
[2021.10.13-08.02.34:438][ 57]LogRenderer: Reallocating scene render targets to support 788x628 Format 10 NumSamples 1 (Frame:49).
[2021.10.13-08.02.38:369][435]LogSlate: FSceneViewport::OnFocusLost() reason 0
[2021.10.13-08.02.38:496][450]LogTemp: Repeating last play command: Selected Viewport
[2021.10.13-08.02.38:645][450]LogBlueprintUserMessages: Early PlayInEditor Detection: Level '/Game/Levels/Mars.Mars:PersistentLevel' has LevelScriptBlueprint '/Game/Levels/Mars.Mars:PersistentLevel.Mars' with GeneratedClass '/Game/Levels/Mars.Mars_C' with ClassGeneratedBy '/Game/Levels/Mars.Mars:PersistentLevel.Mars'
[2021.10.13-08.02.38:647][450]LogPlayLevel: PlayLevel: No blueprints needed recompiling
[2021.10.13-08.02.38:869][450]PIE: New page: PIE session: Mars (13/ott/2021 12:02:38)
[2021.10.13-08.02.38:884][450]LogPlayLevel: Creating play world package: /Game/Levels/UEDPIE_0_Mars
[2021.10.13-08.02.39:024][450]LogPlayLevel: PIE: StaticDuplicateObject took: (0.140146s)
[2021.10.13-08.02.39:025][450]LogAIModule: Creating AISystem for world Mars
[2021.10.13-08.02.39:025][450]LogPlayLevel: PIE: World Init took: (0.000917s)
[2021.10.13-08.02.39:034][450]LogPlayLevel: PIE: Created PIE world by copying editor world from /Game/Levels/Mars.Mars to /Game/Levels/UEDPIE_0_Mars.Mars (0.150417s)
[2021.10.13-08.02.39:171][450]LogInit: XAudio2 using 'Altoparlanti (Realtek High Definition Audio)' : 2 channels at 48 kHz using 32 bits per sample (channel mask 0x3)
[2021.10.13-08.02.39:189][450]LogInit: FAudioDevice initialized.
[2021.10.13-08.02.39:280][450]LogLoad: Game class is 'GM_MarsMarine_C'
[2021.10.13-08.02.39:283][450]LogWorld: Bringing World /Game/Levels/UEDPIE_0_Mars.Mars up for play (max tick rate 0) at 2021.10.13-10.02.39
[2021.10.13-08.02.39:314][450]LogWorld: Bringing up level for play took: 0.032524
[2021.10.13-08.02.39:512][450]LogContentBrowser: Native class hierarchy updated for 'MovieSceneCapture' in 0.0206 seconds. Added 10 classes and 0 folders.
[2021.10.13-08.02.39:713][450]PIE: Play in editor start time for /Game/Levels/UEDPIE_0_Mars 1,913
[2021.10.13-08.02.39:713][450]LogBlueprintUserMessages: Late PlayInEditor Detection: Level '/Game/Levels/Mars.Mars:PersistentLevel' has LevelScriptBlueprint '/Game/Levels/Mars.Mars:PersistentLevel.Mars' with GeneratedClass '/Game/Levels/Mars.Mars_C' with ClassGeneratedBy '/Game/Levels/Mars.Mars:PersistentLevel.Mars'
[2021.10.13-08.02.50:491][325]LogScript: Warning: Attempted to access AudioComponent_4 via property Weapon Fire Sound, but AudioComponent_4 is pending kill
	BP_Marine_C /Game/Levels/UEDPIE_0_Mars.Mars:PersistentLevel.BP_Marine_C_0
	Function /Game/Blueprints/Pawns/BP_Marine.BP_Marine_C:Stop Firing Weapon:0033
[2021.10.13-08.02.50:491][325]PIE: Error: Blueprint Runtime Error: "Attempted to access AudioComponent_4 via property Weapon Fire Sound, but AudioComponent_4 is pending kill". Blueprint:  BP_Marine Function:  Stop Firing Weapon Graph:  Stop Firing Weapon Node:  Stop
[2021.10.13-08.02.50:749][352]LogScript: Warning: Attempted to access AudioComponent_4 via property Weapon Fire Sound, but AudioComponent_4 is pending kill
	BP_Marine_C /Game/Levels/UEDPIE_0_Mars.Mars:PersistentLevel.BP_Marine_C_0
	Function /Game/Blueprints/Pawns/BP_Marine.BP_Marine_C:Stop Firing Weapon:0033
[2021.10.13-08.02.50:749][352]PIE: Error: Blueprint Runtime Error: "Attempted to access AudioComponent_4 via property Weapon Fire Sound, but AudioComponent_4 is pending kill". Blueprint:  BP_Marine Function:  Stop Firing Weapon Graph:  Stop Firing Weapon Node:  Stop
[2021.10.13-08.02.50:873][364]LogScript: Warning: Attempted to access AudioComponent_4 via property Weapon Fire Sound, but AudioComponent_4 is pending kill
	BP_Marine_C /Game/Levels/UEDPIE_0_Mars.Mars:PersistentLevel.BP_Marine_C_0
	Function /Game/Blueprints/Pawns/BP_Marine.BP_Marine_C:Stop Firing Weapon:0033
[2021.10.13-08.02.50:873][364]PIE: Error: Blueprint Runtime Error: "Attempted to access AudioComponent_4 via property Weapon Fire Sound, but AudioComponent_4 is pending kill". Blueprint:  BP_Marine Function:  Stop Firing Weapon Graph:  Stop Firing Weapon Node:  Stop
[2021.10.13-08.02.50:873][364]LogScript: Warning: Attempted to access AudioComponent_4 via property Weapon Fire Sound, but AudioComponent_4 is pending kill
	BP_Marine_C /Game/Levels/UEDPIE_0_Mars.Mars:PersistentLevel.BP_Marine_C_0
	Function /Game/Blueprints/Pawns/BP_Marine.BP_Marine_C:Stop Firing Weapon:0033
[2021.10.13-08.02.50:873][364]PIE: Error: Blueprint Runtime Error: "Attempted to access AudioComponent_4 via property Weapon Fire Sound, but AudioComponent_4 is pending kill". Blueprint:  BP_Marine Function:  Stop Firing Weapon Graph:  Stop Firing Weapon Node:  Stop
[2021.10.13-08.02.51:119][388]LogScript: Warning: Attempted to access AudioComponent_4 via property Weapon Fire Sound, but AudioComponent_4 is pending kill
	BP_Marine_C /Game/Levels/UEDPIE_0_Mars.Mars:PersistentLevel.BP_Marine_C_0
	Function /Game/Blueprints/Pawns/BP_Marine.BP_Marine_C:Stop Firing Weapon:0033
[2021.10.13-08.02.51:120][388]PIE: Error: Blueprint Runtime Error: "Attempted to access AudioComponent_4 via property Weapon Fire Sound, but AudioComponent_4 is pending kill". Blueprint:  BP_Marine Function:  Stop Firing Weapon Graph:  Stop Firing Weapon Node:  Stop
[2021.10.13-08.02.51:180][394]LogScript: Warning: Attempted to access AudioComponent_4 via property Weapon Fire Sound, but AudioComponent_4 is pending kill
	BP_Marine_C /Game/Levels/UEDPIE_0_Mars.Mars:PersistentLevel.BP_Marine_C_0
	Function /Game/Blueprints/Pawns/BP_Marine.BP_Marine_C:Stop Firing Weapon:0033
[2021.10.13-08.02.51:180][394]PIE: Error: Blueprint Runtime Error: "Attempted to access AudioComponent_4 via property Weapon Fire Sound, but AudioComponent_4 is pending kill". Blueprint:  BP_Marine Function:  Stop Firing Weapon Graph:  Stop Firing Weapon Node:  Stop
[2021.10.13-08.02.51:293][405]LogScript: Warning: Attempted to access AudioComponent_4 via property Weapon Fire Sound, but AudioComponent_4 is pending kill
	BP_Marine_C /Game/Levels/UEDPIE_0_Mars.Mars:PersistentLevel.BP_Marine_C_0
	Function /Game/Blueprints/Pawns/BP_Marine.BP_Marine_C:Stop Firing Weapon:0033
[2021.10.13-08.02.51:293][405]PIE: Error: Blueprint Runtime Error: "Attempted to access AudioComponent_4 via property Weapon Fire Sound, but AudioComponent_4 is pending kill". Blueprint:  BP_Marine Function:  Stop Firing Weapon Graph:  Stop Firing Weapon Node:  Stop
[2021.10.13-08.02.51:293][405]LogScript: Warning: Attempted to access AudioComponent_4 via property Weapon Fire Sound, but AudioComponent_4 is pending kill
	BP_Marine_C /Game/Levels/UEDPIE_0_Mars.Mars:PersistentLevel.BP_Marine_C_0
	Function /Game/Blueprints/Pawns/BP_Marine.BP_Marine_C:Stop Firing Weapon:0033
[2021.10.13-08.02.51:294][405]PIE: Error: Blueprint Runtime Error: "Attempted to access AudioComponent_4 via property Weapon Fire Sound, but AudioComponent_4 is pending kill". Blueprint:  BP_Marine Function:  Stop Firing Weapon Graph:  Stop Firing Weapon Node:  Stop
[2021.10.13-08.02.51:596][435]LogScript: Warning: Attempted to access AudioComponent_4 via property Weapon Fire Sound, but AudioComponent_4 is pending kill
	BP_Marine_C /Game/Levels/UEDPIE_0_Mars.Mars:PersistentLevel.BP_Marine_C_0
	Function /Game/Blueprints/Pawns/BP_Marine.BP_Marine_C:Stop Firing Weapon:0033
[2021.10.13-08.02.51:596][435]PIE: Error: Blueprint Runtime Error: "Attempted to access AudioComponent_4 via property Weapon Fire Sound, but AudioComponent_4 is pending kill". Blueprint:  BP_Marine Function:  Stop Firing Weapon Graph:  Stop Firing Weapon Node:  Stop
[2021.10.13-08.02.51:708][446]LogScript: Warning: Attempted to access AudioComponent_4 via property Weapon Fire Sound, but AudioComponent_4 is pending kill
	BP_Marine_C /Game/Levels/UEDPIE_0_Mars.Mars:PersistentLevel.BP_Marine_C_0
	Function /Game/Blueprints/Pawns/BP_Marine.BP_Marine_C:Stop Firing Weapon:0033
[2021.10.13-08.02.51:708][446]PIE: Error: Blueprint Runtime Error: "Attempted to access AudioComponent_4 via property Weapon Fire Sound, but AudioComponent_4 is pending kill". Blueprint:  BP_Marine Function:  Stop Firing Weapon Graph:  Stop Firing Weapon Node:  Stop
[2021.10.13-08.02.51:709][446]LogScript: Warning: Attempted to access AudioComponent_4 via property Weapon Fire Sound, but AudioComponent_4 is pending kill
	BP_Marine_C /Game/Levels/UEDPIE_0_Mars.Mars:PersistentLevel.BP_Marine_C_0
	Function /Game/Blueprints/Pawns/BP_Marine.BP_Marine_C:Stop Firing Weapon:0033
[2021.10.13-08.02.51:709][446]PIE: Error: Blueprint Runtime Error: "Attempted to access AudioComponent_4 via property Weapon Fire Sound, but AudioComponent_4 is pending kill". Blueprint:  BP_Marine Function:  Stop Firing Weapon Graph:  Stop Firing Weapon Node:  Stop
[2021.10.13-08.02.52:022][477]LogScript: Warning: Attempted to access AudioComponent_4 via property Weapon Fire Sound, but AudioComponent_4 is pending kill
	BP_Marine_C /Game/Levels/UEDPIE_0_Mars.Mars:PersistentLevel.BP_Marine_C_0
	Function /Game/Blueprints/Pawns/BP_Marine.BP_Marine_C:Stop Firing Weapon:0033
[2021.10.13-08.02.52:022][477]PIE: Error: Blueprint Runtime Error: "Attempted to access AudioComponent_4 via property Weapon Fire Sound, but AudioComponent_4 is pending kill". Blueprint:  BP_Marine Function:  Stop Firing Weapon Graph:  Stop Firing Weapon Node:  Stop
[2021.10.13-08.02.52:133][488]LogScript: Warning: Attempted to access AudioComponent_4 via property Weapon Fire Sound, but AudioComponent_4 is pending kill
	BP_Marine_C /Game/Levels/UEDPIE_0_Mars.Mars:PersistentLevel.BP_Marine_C_0
	Function /Game/Blueprints/Pawns/BP_Marine.BP_Marine_C:Stop Firing Weapon:0033
[2021.10.13-08.02.52:134][488]PIE: Error: Blueprint Runtime Error: "Attempted to access AudioComponent_4 via property Weapon Fire Sound, but AudioComponent_4 is pending kill". Blueprint:  BP_Marine Function:  Stop Firing Weapon Graph:  Stop Firing Weapon Node:  Stop
[2021.10.13-08.02.52:134][488]LogScript: Warning: Attempted to access AudioComponent_4 via property Weapon Fire Sound, but AudioComponent_4 is pending kill
	BP_Marine_C /Game/Levels/UEDPIE_0_Mars.Mars:PersistentLevel.BP_Marine_C_0
	Function /Game/Blueprints/Pawns/BP_Marine.BP_Marine_C:Stop Firing Weapon:0033
[2021.10.13-08.02.52:134][488]PIE: Error: Blueprint Runtime Error: "Attempted to access AudioComponent_4 via property Weapon Fire Sound, but AudioComponent_4 is pending kill". Blueprint:  BP_Marine Function:  Stop Firing Weapon Graph:  Stop Firing Weapon Node:  Stop
[2021.10.13-08.02.52:448][519]LogScript: Warning: Attempted to access AudioComponent_4 via property Weapon Fire Sound, but AudioComponent_4 is pending kill
	BP_Marine_C /Game/Levels/UEDPIE_0_Mars.Mars:PersistentLevel.BP_Marine_C_0
	Function /Game/Blueprints/Pawns/BP_Marine.BP_Marine_C:Stop Firing Weapon:0033
[2021.10.13-08.02.52:448][519]PIE: Error: Blueprint Runtime Error: "Attempted to access AudioComponent_4 via property Weapon Fire Sound, but AudioComponent_4 is pending kill". Blueprint:  BP_Marine Function:  Stop Firing Weapon Graph:  Stop Firing Weapon Node:  Stop
[2021.10.13-08.02.52:560][530]LogScript: Warning: Attempted to access AudioComponent_4 via property Weapon Fire Sound, but AudioComponent_4 is pending kill
	BP_Marine_C /Game/Levels/UEDPIE_0_Mars.Mars:PersistentLevel.BP_Marine_C_0
	Function /Game/Blueprints/Pawns/BP_Marine.BP_Marine_C:Stop Firing Weapon:0033
[2021.10.13-08.02.52:560][530]PIE: Error: Blueprint Runtime Error: "Attempted to access AudioComponent_4 via property Weapon Fire Sound, but AudioComponent_4 is pending kill". Blueprint:  BP_Marine Function:  Stop Firing Weapon Graph:  Stop Firing Weapon Node:  Stop
[2021.10.13-08.02.52:560][530]LogScript: Warning: Attempted to access AudioComponent_4 via property Weapon Fire Sound, but AudioComponent_4 is pending kill
	BP_Marine_C /Game/Levels/UEDPIE_0_Mars.Mars:PersistentLevel.BP_Marine_C_0
	Function /Game/Blueprints/Pawns/BP_Marine.BP_Marine_C:Stop Firing Weapon:0033
[2021.10.13-08.02.52:560][530]PIE: Error: Blueprint Runtime Error: "Attempted to access AudioComponent_4 via property Weapon Fire Sound, but AudioComponent_4 is pending kill". Blueprint:  BP_Marine Function:  Stop Firing Weapon Graph:  Stop Firing Weapon Node:  Stop
[2021.10.13-08.02.52:865][560]PIE: Error: Blueprint Runtime Error: "Attempted to access AudioComponent_4 via property Weapon Fire Sound, but AudioComponent_4 is pending kill". Blueprint:  BP_Marine Function:  Stop Firing Weapon Graph:  Stop Firing Weapon Node:  Stop
[2021.10.13-08.02.52:977][571]PIE: Error: Blueprint Runtime Error: "Attempted to access AudioComponent_4 via property Weapon Fire Sound, but AudioComponent_4 is pending kill". Blueprint:  BP_Marine Function:  Stop Firing Weapon Graph:  Stop Firing Weapon Node:  Stop
[2021.10.13-08.02.52:977][571]PIE: Error: Blueprint Runtime Error: "Attempted to access AudioComponent_4 via property Weapon Fire Sound, but AudioComponent_4 is pending kill". Blueprint:  BP_Marine Function:  Stop Firing Weapon Graph:  Stop Firing Weapon Node:  Stop
[2021.10.13-08.02.53:282][601]PIE: Error: Blueprint Runtime Error: "Attempted to access AudioComponent_4 via property Weapon Fire Sound, but AudioComponent_4 is pending kill". Blueprint:  BP_Marine Function:  Stop Firing Weapon Graph:  Stop Firing Weapon Node:  Stop
[2021.10.13-08.02.53:403][613]PIE: Error: Blueprint Runtime Error: "Attempted to access AudioComponent_4 via property Weapon Fire Sound, but AudioComponent_4 is pending kill". Blueprint:  BP_Marine Function:  Stop Firing Weapon Graph:  Stop Firing Weapon Node:  Stop
[2021.10.13-08.02.53:403][613]PIE: Error: Blueprint Runtime Error: "Attempted to access AudioComponent_4 via property Weapon Fire Sound, but AudioComponent_4 is pending kill". Blueprint:  BP_Marine Function:  Stop Firing Weapon Graph:  Stop Firing Weapon Node:  Stop
[2021.10.13-08.02.53:709][643]PIE: Error: Blueprint Runtime Error: "Attempted to access AudioComponent_4 via property Weapon Fire Sound, but AudioComponent_4 is pending kill". Blueprint:  BP_Marine Function:  Stop Firing Weapon Graph:  Stop Firing Weapon Node:  Stop
[2021.10.13-08.02.53:831][655]PIE: Error: Blueprint Runtime Error: "Attempted to access AudioComponent_4 via property Weapon Fire Sound, but AudioComponent_4 is pending kill". Blueprint:  BP_Marine Function:  Stop Firing Weapon Graph:  Stop Firing Weapon Node:  Stop
[2021.10.13-08.02.53:831][655]PIE: Error: Blueprint Runtime Error: "Attempted to access AudioComponent_4 via property Weapon Fire Sound, but AudioComponent_4 is pending kill". Blueprint:  BP_Marine Function:  Stop Firing Weapon Graph:  Stop Firing Weapon Node:  Stop
[2021.10.13-08.02.54:127][684]PIE: Error: Blueprint Runtime Error: "Attempted to access AudioComponent_4 via property Weapon Fire Sound, but AudioComponent_4 is pending kill". Blueprint:  BP_Marine Function:  Stop Firing Weapon Graph:  Stop Firing Weapon Node:  Stop
[2021.10.13-08.02.54:248][696]PIE: Error: Blueprint Runtime Error: "Attempted to access AudioComponent_4 via property Weapon Fire Sound, but AudioComponent_4 is pending kill". Blueprint:  BP_Marine Function:  Stop Firing Weapon Graph:  Stop Firing Weapon Node:  Stop
[2021.10.13-08.02.54:248][696]PIE: Error: Blueprint Runtime Error: "Attempted to access AudioComponent_4 via property Weapon Fire Sound, but AudioComponent_4 is pending kill". Blueprint:  BP_Marine Function:  Stop Firing Weapon Graph:  Stop Firing Weapon Node:  Stop
[2021.10.13-08.02.54:552][726]PIE: Error: Blueprint Runtime Error: "Attempted to access AudioComponent_4 via property Weapon Fire Sound, but AudioComponent_4 is pending kill". Blueprint:  BP_Marine Function:  Stop Firing Weapon Graph:  Stop Firing Weapon Node:  Stop
[2021.10.13-08.02.54:673][738]PIE: Error: Blueprint Runtime Error: "Attempted to access AudioComponent_4 via property Weapon Fire Sound, but AudioComponent_4 is pending kill". Blueprint:  BP_Marine Function:  Stop Firing Weapon Graph:  Stop Firing Weapon Node:  Stop
[2021.10.13-08.02.54:674][738]PIE: Error: Blueprint Runtime Error: "Attempted to access AudioComponent_4 via property Weapon Fire Sound, but AudioComponent_4 is pending kill". Blueprint:  BP_Marine Function:  Stop Firing Weapon Graph:  Stop Firing Weapon Node:  Stop
[2021.10.13-08.02.54:725][743]PIE: Error: Blueprint Runtime Error: "Attempted to access AudioComponent_4 via property Weapon Fire Sound, but AudioComponent_4 is pending kill". Blueprint:  BP_Marine Function:  Stop Firing Weapon Graph:  Stop Firing Weapon Node:  Stop
[2021.10.13-08.02.54:977][768]PIE: Error: Blueprint Runtime Error: "Attempted to access AudioComponent_4 via property Weapon Fire Sound, but AudioComponent_4 is pending kill". Blueprint:  BP_Marine Function:  Stop Firing Weapon Graph:  Stop Firing Weapon Node:  Stop
[2021.10.13-08.02.55:098][780]PIE: Error: Blueprint Runtime Error: "Attempted to access AudioComponent_4 via property Weapon Fire Sound, but AudioComponent_4 is pending kill". Blueprint:  BP_Marine Function:  Stop Firing Weapon Graph:  Stop Firing Weapon Node:  Stop
[2021.10.13-08.02.55:099][780]PIE: Error: Blueprint Runtime Error: "Attempted to access AudioComponent_4 via property Weapon Fire Sound, but AudioComponent_4 is pending kill". Blueprint:  BP_Marine Function:  Stop Firing Weapon Graph:  Stop Firing Weapon Node:  Stop
[2021.10.13-08.02.55:149][785]PIE: Error: Blueprint Runtime Error: "Attempted to access AudioComponent_4 via property Weapon Fire Sound, but AudioComponent_4 is pending kill". Blueprint:  BP_Marine Function:  Stop Firing Weapon Graph:  Stop Firing Weapon Node:  Stop
[2021.10.13-08.02.55:400][810]PIE: Error: Blueprint Runtime Error: "Attempted to access AudioComponent_4 via property Weapon Fire Sound, but AudioComponent_4 is pending kill". Blueprint:  BP_Marine Function:  Stop Firing Weapon Graph:  Stop Firing Weapon Node:  Stop
[2021.10.13-08.02.55:522][822]PIE: Error: Blueprint Runtime Error: "Attempted to access AudioComponent_4 via property Weapon Fire Sound, but AudioComponent_4 is pending kill". Blueprint:  BP_Marine Function:  Stop Firing Weapon Graph:  Stop Firing Weapon Node:  Stop
[2021.10.13-08.02.55:522][822]PIE: Error: Blueprint Runtime Error: "Attempted to access AudioComponent_4 via property Weapon Fire Sound, but AudioComponent_4 is pending kill". Blueprint:  BP_Marine Function:  Stop Firing Weapon Graph:  Stop Firing Weapon Node:  Stop
[2021.10.13-08.02.55:573][827]PIE: Error: Blueprint Runtime Error: "Attempted to access AudioComponent_4 via property Weapon Fire Sound, but AudioComponent_4 is pending kill". Blueprint:  BP_Marine Function:  Stop Firing Weapon Graph:  Stop Firing Weapon Node:  Stop
[2021.10.13-08.02.55:826][852]PIE: Error: Blueprint Runtime Error: "Attempted to access AudioComponent_4 via property Weapon Fire Sound, but AudioComponent_4 is pending kill". Blueprint:  BP_Marine Function:  Stop Firing Weapon Graph:  Stop Firing Weapon Node:  Stop
[2021.10.13-08.02.55:947][864]PIE: Error: Blueprint Runtime Error: "Attempted to access AudioComponent_4 via property Weapon Fire Sound, but AudioComponent_4 is pending kill". Blueprint:  BP_Marine Function:  Stop Firing Weapon Graph:  Stop Firing Weapon Node:  Stop
[2021.10.13-08.02.55:948][864]PIE: Error: Blueprint Runtime Error: "Attempted to access AudioComponent_4 via property Weapon Fire Sound, but AudioComponent_4 is pending kill". Blueprint:  BP_Marine Function:  Stop Firing Weapon Graph:  Stop Firing Weapon Node:  Stop
[2021.10.13-08.02.55:998][869]PIE: Error: Blueprint Runtime Error: "Attempted to access AudioComponent_4 via property Weapon Fire Sound, but AudioComponent_4 is pending kill". Blueprint:  BP_Marine Function:  Stop Firing Weapon Graph:  Stop Firing Weapon Node:  Stop
[2021.10.13-08.02.56:252][894]PIE: Error: Blueprint Runtime Error: "Attempted to access AudioComponent_4 via property Weapon Fire Sound, but AudioComponent_4 is pending kill". Blueprint:  BP_Marine Function:  Stop Firing Weapon Graph:  Stop Firing Weapon Node:  Stop
[2021.10.13-08.02.56:373][906]PIE: Error: Blueprint Runtime Error: "Attempted to access AudioComponent_4 via property Weapon Fire Sound, but AudioComponent_4 is pending kill". Blueprint:  BP_Marine Function:  Stop Firing Weapon Graph:  Stop Firing Weapon Node:  Stop
[2021.10.13-08.02.56:373][906]PIE: Error: Blueprint Runtime Error: "Attempted to access AudioComponent_4 via property Weapon Fire Sound, but AudioComponent_4 is pending kill". Blueprint:  BP_Marine Function:  Stop Firing Weapon Graph:  Stop Firing Weapon Node:  Stop
[2021.10.13-08.02.56:424][911]PIE: Error: Blueprint Runtime Error: "Attempted to access AudioComponent_4 via property Weapon Fire Sound, but AudioComponent_4 is pending kill". Blueprint:  BP_Marine Function:  Stop Firing Weapon Graph:  Stop Firing Weapon Node:  Stop
[2021.10.13-08.02.56:679][936]PIE: Error: Blueprint Runtime Error: "Attempted to access AudioComponent_4 via property Weapon Fire Sound, but AudioComponent_4 is pending kill". Blueprint:  BP_Marine Function:  Stop Firing Weapon Graph:  Stop Firing Weapon Node:  Stop
[2021.10.13-08.02.56:789][947]PIE: Error: Blueprint Runtime Error: "Attempted to access AudioComponent_4 via property Weapon Fire Sound, but AudioComponent_4 is pending kill". Blueprint:  BP_Marine Function:  Stop Firing Weapon Graph:  Stop Firing Weapon Node:  Stop
[2021.10.13-08.02.56:790][947]PIE: Error: Blueprint Runtime Error: "Attempted to access AudioComponent_4 via property Weapon Fire Sound, but AudioComponent_4 is pending kill". Blueprint:  BP_Marine Function:  Stop Firing Weapon Graph:  Stop Firing Weapon Node:  Stop
[2021.10.13-08.02.56:851][953]PIE: Error: Blueprint Runtime Error: "Attempted to access AudioComponent_4 via property Weapon Fire Sound, but AudioComponent_4 is pending kill". Blueprint:  BP_Marine Function:  Stop Firing Weapon Graph:  Stop Firing Weapon Node:  Stop
[2021.10.13-08.02.57:093][977]PIE: Error: Blueprint Runtime Error: "Attempted to access AudioComponent_4 via property Weapon Fire Sound, but AudioComponent_4 is pending kill". Blueprint:  BP_Marine Function:  Stop Firing Weapon Graph:  Stop Firing Weapon Node:  Stop
[2021.10.13-08.02.57:214][989]PIE: Error: Blueprint Runtime Error: "Attempted to access AudioComponent_4 via property Weapon Fire Sound, but AudioComponent_4 is pending kill". Blueprint:  BP_Marine Function:  Stop Firing Weapon Graph:  Stop Firing Weapon Node:  Stop
[2021.10.13-08.02.57:214][989]PIE: Error: Blueprint Runtime Error: "Attempted to access AudioComponent_4 via property Weapon Fire Sound, but AudioComponent_4 is pending kill". Blueprint:  BP_Marine Function:  Stop Firing Weapon Graph:  Stop Firing Weapon Node:  Stop
[2021.10.13-08.02.57:275][995]PIE: Error: Blueprint Runtime Error: "Attempted to access AudioComponent_4 via property Weapon Fire Sound, but AudioComponent_4 is pending kill". Blueprint:  BP_Marine Function:  Stop Firing Weapon Graph:  Stop Firing Weapon Node:  Stop
[2021.10.13-08.02.57:357][  3]LogBlueprintUserMessages: Early EndPlayMap Detection: Level '/Game/Levels/Mars.Mars:PersistentLevel' has LevelScriptBlueprint '/Game/Levels/Mars.Mars:PersistentLevel.Mars' with GeneratedClass '/Game/Levels/Mars.Mars_C' with ClassGeneratedBy '/Game/Levels/Mars.Mars:PersistentLevel.Mars'
[2021.10.13-08.02.57:394][  3]LogSlate: Updating window title bar state: overlay mode, drag disabled, window buttons hidden, title bar hidden
[2021.10.13-08.02.57:455][  3]LogPlayLevel: Display: Shutting down PIE online subsystems
[2021.10.13-08.02.57:455][  3]LogBlueprintUserMessages: Late EndPlayMap Detection: Level '/Game/Levels/Mars.Mars:PersistentLevel' has LevelScriptBlueprint '/Game/Levels/Mars.Mars:PersistentLevel.Mars' with GeneratedClass '/Game/Levels/Mars.Mars_C' with ClassGeneratedBy '/Game/Levels/Mars.Mars:PersistentLevel.Mars'
[2021.10.13-08.02.57:478][  3]LogSlate: Updating window title bar state: overlay mode, drag disabled, window buttons hidden, title bar hidden
[2021.10.13-08.02.57:537][  4]LogPlayLevel: Display: Destroying online subsystem :Context_2
[2021.10.13-08.03.19:506][762]LogSlate: FSceneViewport::OnFocusLost() reason 0
[2021.10.13-08.03.20:554][865]LogSlate: Took 0.000230 seconds to synchronously load lazily loaded font '../../../Engine/Content/Slate/Fonts/Roboto-Light.ttf' (167K)
[2021.10.13-08.03.20:573][865]LogAssetEditorManager: Opening Asset editor for Blueprint /Game/Blueprints/GameMode/GM_MarsMarine.GM_MarsMarine
[2021.10.13-08.03.21:546][865]LogContentBrowser: Native class hierarchy updated for 'BlueprintGraph' in 0.0008 seconds. Added 116 classes and 0 folders.
[2021.10.13-08.03.23:472][865]LogSlate: Took 0.018628 seconds to synchronously load lazily loaded font '../../../Engine/Content/Slate/Fonts/Roboto-BoldCondensed.ttf' (158K)
[2021.10.13-08.03.23:778][866]LogSlate: Took 0.036280 seconds to synchronously load lazily loaded font '../../../Engine/Content/Slate/Fonts/Roboto-Italic.ttf' (157K)
[2021.10.13-08.04.49:101][920]LogSlate: Took 0.035563 seconds to synchronously load lazily loaded font '../../../Engine/Content/Slate/Fonts/Roboto-BoldCondensedItalic.ttf' (160K)
[2021.10.13-08.04.51:427][193]BlueprintLog: New page: Compile GM_MarsMarine
[2021.10.13-08.05.02:992][641]BlueprintLog: New page: Compile GM_MarsMarine
[2021.10.13-08.05.04:651][726]LogSavePackage: Moving '../../../../../../Users/Utente/Documents/GitRepository/Unreal_Engine_Projects/MarsMarine/Saved/GM_MarsMarineC3711D8944E6617FF29B4D94450322BC.tmp' to '../../../../../../Users/Utente/Documents/GitRepository/Unreal_Engine_Projects/MarsMarine/Content/Blueprints/GameMode/GM_MarsMarine.uasset'
[2021.10.13-08.05.28:928][689]BlueprintLog: New page: Compile GM_MarsMarine
[2021.10.13-08.05.36:207][102]BlueprintLog: New page: Compile GM_MarsMarine
[2021.10.13-08.05.42:043][776]BlueprintLog: New page: Compile GM_MarsMarine
[2021.10.13-08.05.42:771][821]LogSavePackage: Moving '../../../../../../Users/Utente/Documents/GitRepository/Unreal_Engine_Projects/MarsMarine/Saved/GM_MarsMarine02033E7F4167535D7AF5908D45D89755.tmp' to '../../../../../../Users/Utente/Documents/GitRepository/Unreal_Engine_Projects/MarsMarine/Content/Blueprints/GameMode/GM_MarsMarine.uasset'
[2021.10.13-08.08.04:926][643]BlueprintLog: New page: Compile GM_MarsMarine
[2021.10.13-08.08.05:621][682]LogSavePackage: Moving '../../../../../../Users/Utente/Documents/GitRepository/Unreal_Engine_Projects/MarsMarine/Saved/GM_MarsMarine975BAB204EF24D114367B1829349C870.tmp' to '../../../../../../Users/Utente/Documents/GitRepository/Unreal_Engine_Projects/MarsMarine/Content/Blueprints/GameMode/GM_MarsMarine.uasset'
[2021.10.13-08.09.16:129][645]BlueprintLog: New page: Compile GM_MarsMarine
[2021.10.13-08.09.17:007][695]LogSavePackage: Moving '../../../../../../Users/Utente/Documents/GitRepository/Unreal_Engine_Projects/MarsMarine/Saved/GM_MarsMarine7F1CC56B48C63104A5C71F97E13BF083.tmp' to '../../../../../../Users/Utente/Documents/GitRepository/Unreal_Engine_Projects/MarsMarine/Content/Blueprints/GameMode/GM_MarsMarine.uasset'
[2021.10.13-08.09.18:978][906]LogTemp: Repeating last play command: Selected Viewport
[2021.10.13-08.09.18:995][906]LogBlueprintUserMessages: Early PlayInEditor Detection: Level '/Game/Levels/Mars.Mars:PersistentLevel' has LevelScriptBlueprint '/Game/Levels/Mars.Mars:PersistentLevel.Mars' with GeneratedClass '/Game/Levels/Mars.Mars_C' with ClassGeneratedBy '/Game/Levels/Mars.Mars:PersistentLevel.Mars'
[2021.10.13-08.09.18:995][906]LogPlayLevel: PlayLevel: No blueprints needed recompiling
[2021.10.13-08.09.18:996][906]PIE: New page: PIE session: Mars (13/ott/2021 12:09:18)
[2021.10.13-08.09.18:996][906]LogPlayLevel: Creating play world package: /Game/Levels/UEDPIE_0_Mars
[2021.10.13-08.09.19:019][906]LogPlayLevel: PIE: StaticDuplicateObject took: (0.023460s)
[2021.10.13-08.09.19:020][906]LogAIModule: Creating AISystem for world Mars
[2021.10.13-08.09.19:020][906]LogPlayLevel: PIE: World Init took: (0.001072s)
[2021.10.13-08.09.19:020][906]LogPlayLevel: PIE: Created PIE world by copying editor world from /Game/Levels/Mars.Mars to /Game/Levels/UEDPIE_0_Mars.Mars (0.024706s)
[2021.10.13-08.09.19:057][906]LogInit: XAudio2 using 'Altoparlanti (Realtek High Definition Audio)' : 2 channels at 48 kHz using 32 bits per sample (channel mask 0x3)
[2021.10.13-08.09.19:077][906]LogInit: FAudioDevice initialized.
[2021.10.13-08.09.19:120][906]LogLoad: Game class is 'GM_MarsMarine_C'
[2021.10.13-08.09.19:124][906]LogWorld: Bringing World /Game/Levels/UEDPIE_0_Mars.Mars up for play (max tick rate 0) at 2021.10.13-10.09.19
[2021.10.13-08.09.19:124][906]LogWorld: Bringing up level for play took: 0.003155
[2021.10.13-08.09.19:140][906]PIE: Play in editor start time for /Game/Levels/UEDPIE_0_Mars -0,659
[2021.10.13-08.09.19:140][906]LogBlueprintUserMessages: Late PlayInEditor Detection: Level '/Game/Levels/Mars.Mars:PersistentLevel' has LevelScriptBlueprint '/Game/Levels/Mars.Mars:PersistentLevel.Mars' with GeneratedClass '/Game/Levels/Mars.Mars_C' with ClassGeneratedBy '/Game/Levels/Mars.Mars:PersistentLevel.Mars'
[2021.10.13-08.10.14:224][ 51]PIE: Error: Blueprint Runtime Error: "Attempted to access AudioComponent_8 via property Weapon Fire Sound, but AudioComponent_8 is pending kill". Blueprint:  BP_Marine Function:  Stop Firing Weapon Graph:  Stop Firing Weapon Node:  Stop
[2021.10.13-08.10.15:468][174]PIE: Error: Blueprint Runtime Error: "Attempted to access AudioComponent_8 via property Weapon Fire Sound, but AudioComponent_8 is pending kill". Blueprint:  BP_Marine Function:  Stop Firing Weapon Graph:  Stop Firing Weapon Node:  Stop
[2021.10.13-08.10.15:541][181]LogBlueprintUserMessages: Early EndPlayMap Detection: Level '/Game/Levels/Mars.Mars:PersistentLevel' has LevelScriptBlueprint '/Game/Levels/Mars.Mars:PersistentLevel.Mars' with GeneratedClass '/Game/Levels/Mars.Mars_C' with ClassGeneratedBy '/Game/Levels/Mars.Mars:PersistentLevel.Mars'
[2021.10.13-08.10.15:541][181]LogSlate: Updating window title bar state: overlay mode, drag disabled, window buttons hidden, title bar hidden
[2021.10.13-08.10.15:582][181]LogPlayLevel: Display: Shutting down PIE online subsystems
[2021.10.13-08.10.15:583][181]LogBlueprintUserMessages: Late EndPlayMap Detection: Level '/Game/Levels/Mars.Mars:PersistentLevel' has LevelScriptBlueprint '/Game/Levels/Mars.Mars:PersistentLevel.Mars' with GeneratedClass '/Game/Levels/Mars.Mars_C' with ClassGeneratedBy '/Game/Levels/Mars.Mars:PersistentLevel.Mars'
[2021.10.13-08.10.15:609][181]LogSlate: Updating window title bar state: overlay mode, drag disabled, window buttons hidden, title bar hidden
[2021.10.13-08.10.15:672][183]LogPlayLevel: Display: Destroying online subsystem :Context_4
[2021.10.13-08.10.37:276][369]LogSlate: FSceneViewport::OnFocusLost() reason 0
[2021.10.13-08.10.57:872][686]BlueprintLog: New page: Compile GM_MarsMarine
[2021.10.13-08.11.25:052][412]BlueprintLog: New page: Compile GM_MarsMarine
[2021.10.13-08.11.25:655][442]LogSavePackage: Moving '../../../../../../Users/Utente/Documents/GitRepository/Unreal_Engine_Projects/MarsMarine/Saved/GM_MarsMarineD1C1097D4CD26F5EBFABEDB16529B725.tmp' to '../../../../../../Users/Utente/Documents/GitRepository/Unreal_Engine_Projects/MarsMarine/Content/Blueprints/GameMode/GM_MarsMarine.uasset'
[2021.10.13-08.11.26:764][552]LogTemp: Repeating last play command: Selected Viewport
[2021.10.13-08.11.26:781][552]LogBlueprintUserMessages: Early PlayInEditor Detection: Level '/Game/Levels/Mars.Mars:PersistentLevel' has LevelScriptBlueprint '/Game/Levels/Mars.Mars:PersistentLevel.Mars' with GeneratedClass '/Game/Levels/Mars.Mars_C' with ClassGeneratedBy '/Game/Levels/Mars.Mars:PersistentLevel.Mars'
[2021.10.13-08.11.26:781][552]LogPlayLevel: PlayLevel: No blueprints needed recompiling
[2021.10.13-08.11.26:781][552]PIE: New page: PIE session: Mars (13/ott/2021 12:11:26)
[2021.10.13-08.11.26:781][552]LogPlayLevel: Creating play world package: /Game/Levels/UEDPIE_0_Mars
[2021.10.13-08.11.26:802][552]LogPlayLevel: PIE: StaticDuplicateObject took: (0.020928s)
[2021.10.13-08.11.26:803][552]LogAIModule: Creating AISystem for world Mars
[2021.10.13-08.11.26:803][552]LogPlayLevel: PIE: World Init took: (0.001234s)
[2021.10.13-08.11.26:803][552]LogPlayLevel: PIE: Created PIE world by copying editor world from /Game/Levels/Mars.Mars to /Game/Levels/UEDPIE_0_Mars.Mars (0.022329s)
[2021.10.13-08.11.26:841][552]LogInit: XAudio2 using 'Altoparlanti (Realtek High Definition Audio)' : 2 channels at 48 kHz using 32 bits per sample (channel mask 0x3)
[2021.10.13-08.11.26:858][552]LogInit: FAudioDevice initialized.
[2021.10.13-08.11.26:888][552]LogLoad: Game class is 'GM_MarsMarine_C'
[2021.10.13-08.11.26:891][552]LogWorld: Bringing World /Game/Levels/UEDPIE_0_Mars.Mars up for play (max tick rate 0) at 2021.10.13-10.11.26
[2021.10.13-08.11.26:891][552]LogWorld: Bringing up level for play took: 0.002363
[2021.10.13-08.11.26:906][552]PIE: Play in editor start time for /Game/Levels/UEDPIE_0_Mars 1,107
[2021.10.13-08.11.26:906][552]LogBlueprintUserMessages: Late PlayInEditor Detection: Level '/Game/Levels/Mars.Mars:PersistentLevel' has LevelScriptBlueprint '/Game/Levels/Mars.Mars:PersistentLevel.Mars' with GeneratedClass '/Game/Levels/Mars.Mars_C' with ClassGeneratedBy '/Game/Levels/Mars.Mars:PersistentLevel.Mars'
[2021.10.13-08.13.39:538][575]LogBlueprintUserMessages: Early EndPlayMap Detection: Level '/Game/Levels/Mars.Mars:PersistentLevel' has LevelScriptBlueprint '/Game/Levels/Mars.Mars:PersistentLevel.Mars' with GeneratedClass '/Game/Levels/Mars.Mars_C' with ClassGeneratedBy '/Game/Levels/Mars.Mars:PersistentLevel.Mars'
[2021.10.13-08.13.39:538][575]LogSlate: Updating window title bar state: overlay mode, drag disabled, window buttons hidden, title bar hidden
[2021.10.13-08.13.39:575][575]LogPlayLevel: Display: Shutting down PIE online subsystems
[2021.10.13-08.13.39:576][575]LogBlueprintUserMessages: Late EndPlayMap Detection: Level '/Game/Levels/Mars.Mars:PersistentLevel' has LevelScriptBlueprint '/Game/Levels/Mars.Mars:PersistentLevel.Mars' with GeneratedClass '/Game/Levels/Mars.Mars_C' with ClassGeneratedBy '/Game/Levels/Mars.Mars:PersistentLevel.Mars'
[2021.10.13-08.13.39:605][575]LogSlate: Updating window title bar state: overlay mode, drag disabled, window buttons hidden, title bar hidden
[2021.10.13-08.13.39:637][577]LogPlayLevel: Display: Destroying online subsystem :Context_5
[2021.10.13-08.13.40:870][698]LogSlate: FSceneViewport::OnFocusLost() reason 0
[2021.10.13-08.13.46:609][378]BlueprintLog: New page: Compile GM_MarsMarine
[2021.10.13-08.13.47:597][453]LogSavePackage: Moving '../../../../../../Users/Utente/Documents/GitRepository/Unreal_Engine_Projects/MarsMarine/Saved/GM_MarsMarineC61A919140DF79104197889BCFB3AA35.tmp' to '../../../../../../Users/Utente/Documents/GitRepository/Unreal_Engine_Projects/MarsMarine/Content/Blueprints/GameMode/GM_MarsMarine.uasset'
[2021.10.13-08.13.49:908][696]LogTemp: Repeating last play command: Selected Viewport
[2021.10.13-08.13.49:926][696]LogBlueprintUserMessages: Early PlayInEditor Detection: Level '/Game/Levels/Mars.Mars:PersistentLevel' has LevelScriptBlueprint '/Game/Levels/Mars.Mars:PersistentLevel.Mars' with GeneratedClass '/Game/Levels/Mars.Mars_C' with ClassGeneratedBy '/Game/Levels/Mars.Mars:PersistentLevel.Mars'
[2021.10.13-08.13.49:926][696]LogPlayLevel: PlayLevel: No blueprints needed recompiling
[2021.10.13-08.13.49:926][696]PIE: New page: PIE session: Mars (13/ott/2021 12:13:49)
[2021.10.13-08.13.49:926][696]LogPlayLevel: Creating play world package: /Game/Levels/UEDPIE_0_Mars
[2021.10.13-08.13.49:946][696]LogPlayLevel: PIE: StaticDuplicateObject took: (0.020065s)
[2021.10.13-08.13.49:946][696]LogAIModule: Creating AISystem for world Mars
[2021.10.13-08.13.49:947][696]LogPlayLevel: PIE: World Init took: (0.000786s)
[2021.10.13-08.13.49:947][696]LogPlayLevel: PIE: Created PIE world by copying editor world from /Game/Levels/Mars.Mars to /Game/Levels/UEDPIE_0_Mars.Mars (0.021040s)
[2021.10.13-08.13.49:978][696]LogInit: XAudio2 using 'Altoparlanti (Realtek High Definition Audio)' : 2 channels at 48 kHz using 32 bits per sample (channel mask 0x3)
[2021.10.13-08.13.49:995][696]LogInit: FAudioDevice initialized.
[2021.10.13-08.13.50:029][696]LogLoad: Game class is 'GM_MarsMarine_C'
[2021.10.13-08.13.50:032][696]LogWorld: Bringing World /Game/Levels/UEDPIE_0_Mars.Mars up for play (max tick rate 0) at 2021.10.13-10.13.50
[2021.10.13-08.13.50:032][696]LogWorld: Bringing up level for play took: 0.002243
[2021.10.13-08.13.50:046][696]PIE: Play in editor start time for /Game/Levels/UEDPIE_0_Mars 0,247
[2021.10.13-08.13.50:047][696]LogBlueprintUserMessages: Late PlayInEditor Detection: Level '/Game/Levels/Mars.Mars:PersistentLevel' has LevelScriptBlueprint '/Game/Levels/Mars.Mars:PersistentLevel.Mars' with GeneratedClass '/Game/Levels/Mars.Mars_C' with ClassGeneratedBy '/Game/Levels/Mars.Mars:PersistentLevel.Mars'
[2021.10.13-08.14.12:685][903]LogBlueprintUserMessages: Early EndPlayMap Detection: Level '/Game/Levels/Mars.Mars:PersistentLevel' has LevelScriptBlueprint '/Game/Levels/Mars.Mars:PersistentLevel.Mars' with GeneratedClass '/Game/Levels/Mars.Mars_C' with ClassGeneratedBy '/Game/Levels/Mars.Mars:PersistentLevel.Mars'
[2021.10.13-08.14.12:685][903]LogSlate: Updating window title bar state: overlay mode, drag disabled, window buttons hidden, title bar hidden
[2021.10.13-08.14.12:722][903]LogPlayLevel: Display: Shutting down PIE online subsystems
[2021.10.13-08.14.12:723][903]LogBlueprintUserMessages: Late EndPlayMap Detection: Level '/Game/Levels/Mars.Mars:PersistentLevel' has LevelScriptBlueprint '/Game/Levels/Mars.Mars:PersistentLevel.Mars' with GeneratedClass '/Game/Levels/Mars.Mars_C' with ClassGeneratedBy '/Game/Levels/Mars.Mars:PersistentLevel.Mars'
[2021.10.13-08.14.12:750][903]LogSlate: Updating window title bar state: overlay mode, drag disabled, window buttons hidden, title bar hidden
[2021.10.13-08.14.12:785][905]LogPlayLevel: Display: Destroying online subsystem :Context_6
[2021.10.13-08.14.15:184][138]LogSlate: FSceneViewport::OnFocusLost() reason 2
[2021.10.13-08.14.21:946][806]LogSlate: FSceneViewport::OnFocusLost() reason 0
